d:\repositorios-git\pricode\imagenscan\dllsample\debug\dllsample.pch
d:\repositorios-git\pricode\imagenscan\dllsample\debug\vc142.pdb
d:\repositorios-git\pricode\imagenscan\dllsample\debug\vc142.idb
d:\repositorios-git\pricode\imagenscan\dllsample\debug\pch.obj
d:\repositorios-git\pricode\imagenscan\dllsample\debug\dllmain.obj
d:\repositorios-git\pricode\imagenscan\scan_images\debug\leidos.imaging.ibieraimlempty.dll
d:\repositorios-git\pricode\imagenscan\scan_images\debug\leidos.imaging.ibieraimlempty.pdb
d:\repositorios-git\pricode\imagenscan\scan_images\debug\dllsample.lib
d:\repositorios-git\pricode\imagenscan\scan_images\debug\dllsample.exp
d:\repositorios-git\pricode\imagenscan\scan_images\debug\dllsample.ilk
d:\repositorios-git\pricode\imagenscan\scan_images\debug\dllsample.dll
d:\repositorios-git\pricode\imagenscan\scan_images\debug\dllsample.pdb
d:\repositorios-git\pricode\imagenscan\dllsample\debug\dllsample.tlog\cl.command.1.tlog
d:\repositorios-git\pricode\imagenscan\dllsample\debug\dllsample.tlog\cl.read.1.tlog
d:\repositorios-git\pricode\imagenscan\dllsample\debug\dllsample.tlog\cl.write.1.tlog
d:\repositorios-git\pricode\imagenscan\dllsample\debug\dllsample.tlog\dllsample.read.1u.tlog
d:\repositorios-git\pricode\imagenscan\dllsample\debug\dllsample.tlog\dllsample.write.1u.tlog
d:\repositorios-git\pricode\imagenscan\dllsample\debug\dllsample.tlog\link.command.1.tlog
d:\repositorios-git\pricode\imagenscan\dllsample\debug\dllsample.tlog\link.read.1.tlog
d:\repositorios-git\pricode\imagenscan\dllsample\debug\dllsample.tlog\link.write.1.tlog
